This is pdfTeX, Version 3.14159265-2.6-1.40.16 (TeX Live 2015/W32TeX) (preloaded format=pdflatex 2015.11.21)  21 DEC 2016 16:20
entering extended mode
 restricted \write18 enabled.
 %&-line parsing enabled.
**./LB_SensitivityMemo_V21.tex
(./LB_SensitivityMemo_V21.tex
LaTeX2e <2015/10/01> patch level 2
Babel <3.9m> and hyphenation patterns for 79 languages loaded.
(c:/w32tex/share/texmf-dist/tex/latex/base/article.cls
Document Class: article 2014/09/29 v1.4h Standard LaTeX document class
(c:/w32tex/share/texmf-dist/tex/latex/base/size12.clo
File: size12.clo 2014/09/29 v1.4h Standard LaTeX file (size option)
)
\c@part=\count79
\c@section=\count80
\c@subsection=\count81
\c@subsubsection=\count82
\c@paragraph=\count83
\c@subparagraph=\count84
\c@figure=\count85
\c@table=\count86
\abovecaptionskip=\skip41
\belowcaptionskip=\skip42
\bibindent=\dimen102
)
(c:/w32tex/share/texmf-dist/tex/latex/base/inputenc.sty
Package: inputenc 2015/03/17 v1.2c Input encoding file
\inpenc@prehook=\toks14
\inpenc@posthook=\toks15

(c:/w32tex/share/texmf-dist/tex/latex/base/utf8.def
File: utf8.def 2015/09/07 v1.1p UTF-8 support for inputenc
Now handling font encoding OML ...
... no UTF-8 mapping file for font encoding OML
Now handling font encoding T1 ...
... processing UTF-8 mapping file for font encoding T1

(c:/w32tex/share/texmf-dist/tex/latex/base/t1enc.dfu
File: t1enc.dfu 2015/09/07 v1.1p UTF-8 support for inputenc
   defining Unicode char U+00A0 (decimal 160)
   defining Unicode char U+00A1 (decimal 161)
   defining Unicode char U+00A3 (decimal 163)
   defining Unicode char U+00AB (decimal 171)
   defining Unicode char U+00AD (decimal 173)
   defining Unicode char U+00BB (decimal 187)
   defining Unicode char U+00BF (decimal 191)
   defining Unicode char U+00C0 (decimal 192)
   defining Unicode char U+00C1 (decimal 193)
   defining Unicode char U+00C2 (decimal 194)
   defining Unicode char U+00C3 (decimal 195)
   defining Unicode char U+00C4 (decimal 196)
   defining Unicode char U+00C5 (decimal 197)
   defining Unicode char U+00C6 (decimal 198)
   defining Unicode char U+00C7 (decimal 199)
   defining Unicode char U+00C8 (decimal 200)
   defining Unicode char U+00C9 (decimal 201)
   defining Unicode char U+00CA (decimal 202)
   defining Unicode char U+00CB (decimal 203)
   defining Unicode char U+00CC (decimal 204)
   defining Unicode char U+00CD (decimal 205)
   defining Unicode char U+00CE (decimal 206)
   defining Unicode char U+00CF (decimal 207)
   defining Unicode char U+00D0 (decimal 208)
   defining Unicode char U+00D1 (decimal 209)
   defining Unicode char U+00D2 (decimal 210)
   defining Unicode char U+00D3 (decimal 211)
   defining Unicode char U+00D4 (decimal 212)
   defining Unicode char U+00D5 (decimal 213)
   defining Unicode char U+00D6 (decimal 214)
   defining Unicode char U+00D8 (decimal 216)
   defining Unicode char U+00D9 (decimal 217)
   defining Unicode char U+00DA (decimal 218)
   defining Unicode char U+00DB (decimal 219)
   defining Unicode char U+00DC (decimal 220)
   defining Unicode char U+00DD (decimal 221)
   defining Unicode char U+00DE (decimal 222)
   defining Unicode char U+00DF (decimal 223)
   defining Unicode char U+00E0 (decimal 224)
   defining Unicode char U+00E1 (decimal 225)
   defining Unicode char U+00E2 (decimal 226)
   defining Unicode char U+00E3 (decimal 227)
   defining Unicode char U+00E4 (decimal 228)
   defining Unicode char U+00E5 (decimal 229)
   defining Unicode char U+00E6 (decimal 230)
   defining Unicode char U+00E7 (decimal 231)
   defining Unicode char U+00E8 (decimal 232)
   defining Unicode char U+00E9 (decimal 233)
   defining Unicode char U+00EA (decimal 234)
   defining Unicode char U+00EB (decimal 235)
   defining Unicode char U+00EC (decimal 236)
   defining Unicode char U+00ED (decimal 237)
   defining Unicode char U+00EE (decimal 238)
   defining Unicode char U+00EF (decimal 239)
   defining Unicode char U+00F0 (decimal 240)
   defining Unicode char U+00F1 (decimal 241)
   defining Unicode char U+00F2 (decimal 242)
   defining Unicode char U+00F3 (decimal 243)
   defining Unicode char U+00F4 (decimal 244)
   defining Unicode char U+00F5 (decimal 245)
   defining Unicode char U+00F6 (decimal 246)
   defining Unicode char U+00F8 (decimal 248)
   defining Unicode char U+00F9 (decimal 249)
   defining Unicode char U+00FA (decimal 250)
   defining Unicode char U+00FB (decimal 251)
   defining Unicode char U+00FC (decimal 252)
   defining Unicode char U+00FD (decimal 253)
   defining Unicode char U+00FE (decimal 254)
   defining Unicode char U+00FF (decimal 255)
   defining Unicode char U+0102 (decimal 258)
   defining Unicode char U+0103 (decimal 259)
   defining Unicode char U+0104 (decimal 260)
   defining Unicode char U+0105 (decimal 261)
   defining Unicode char U+0106 (decimal 262)
   defining Unicode char U+0107 (decimal 263)
   defining Unicode char U+010C (decimal 268)
   defining Unicode char U+010D (decimal 269)
   defining Unicode char U+010E (decimal 270)
   defining Unicode char U+010F (decimal 271)
   defining Unicode char U+0110 (decimal 272)
   defining Unicode char U+0111 (decimal 273)
   defining Unicode char U+0118 (decimal 280)
   defining Unicode char U+0119 (decimal 281)
   defining Unicode char U+011A (decimal 282)
   defining Unicode char U+011B (decimal 283)
   defining Unicode char U+011E (decimal 286)
   defining Unicode char U+011F (decimal 287)
   defining Unicode char U+0130 (decimal 304)
   defining Unicode char U+0131 (decimal 305)
   defining Unicode char U+0132 (decimal 306)
   defining Unicode char U+0133 (decimal 307)
   defining Unicode char U+0139 (decimal 313)
   defining Unicode char U+013A (decimal 314)
   defining Unicode char U+013D (decimal 317)
   defining Unicode char U+013E (decimal 318)
   defining Unicode char U+0141 (decimal 321)
   defining Unicode char U+0142 (decimal 322)
   defining Unicode char U+0143 (decimal 323)
   defining Unicode char U+0144 (decimal 324)
   defining Unicode char U+0147 (decimal 327)
   defining Unicode char U+0148 (decimal 328)
   defining Unicode char U+014A (decimal 330)
   defining Unicode char U+014B (decimal 331)
   defining Unicode char U+0150 (decimal 336)
   defining Unicode char U+0151 (decimal 337)
   defining Unicode char U+0152 (decimal 338)
   defining Unicode char U+0153 (decimal 339)
   defining Unicode char U+0154 (decimal 340)
   defining Unicode char U+0155 (decimal 341)
   defining Unicode char U+0158 (decimal 344)
   defining Unicode char U+0159 (decimal 345)
   defining Unicode char U+015A (decimal 346)
   defining Unicode char U+015B (decimal 347)
   defining Unicode char U+015E (decimal 350)
   defining Unicode char U+015F (decimal 351)
   defining Unicode char U+0160 (decimal 352)
   defining Unicode char U+0161 (decimal 353)
   defining Unicode char U+0162 (decimal 354)
   defining Unicode char U+0163 (decimal 355)
   defining Unicode char U+0164 (decimal 356)
   defining Unicode char U+0165 (decimal 357)
   defining Unicode char U+016E (decimal 366)
   defining Unicode char U+016F (decimal 367)
   defining Unicode char U+0170 (decimal 368)
   defining Unicode char U+0171 (decimal 369)
   defining Unicode char U+0174 (decimal 372)
   defining Unicode char U+0175 (decimal 373)
   defining Unicode char U+0176 (decimal 374)
   defining Unicode char U+0177 (decimal 375)
   defining Unicode char U+0178 (decimal 376)
   defining Unicode char U+0179 (decimal 377)
   defining Unicode char U+017A (decimal 378)
   defining Unicode char U+017B (decimal 379)
   defining Unicode char U+017C (decimal 380)
   defining Unicode char U+017D (decimal 381)
   defining Unicode char U+017E (decimal 382)
   defining Unicode char U+0218 (decimal 536)
   defining Unicode char U+0219 (decimal 537)
   defining Unicode char U+021A (decimal 538)
   defining Unicode char U+021B (decimal 539)
   defining Unicode char U+200C (decimal 8204)
   defining Unicode char U+2013 (decimal 8211)
   defining Unicode char U+2014 (decimal 8212)
   defining Unicode char U+2018 (decimal 8216)
   defining Unicode char U+2019 (decimal 8217)
   defining Unicode char U+201A (decimal 8218)
   defining Unicode char U+201C (decimal 8220)
   defining Unicode char U+201D (decimal 8221)
   defining Unicode char U+201E (decimal 8222)
   defining Unicode char U+2030 (decimal 8240)
   defining Unicode char U+2031 (decimal 8241)
   defining Unicode char U+2039 (decimal 8249)
   defining Unicode char U+203A (decimal 8250)
   defining Unicode char U+2423 (decimal 9251)
)
Now handling font encoding OT1 ...
... processing UTF-8 mapping file for font encoding OT1

(c:/w32tex/share/texmf-dist/tex/latex/base/ot1enc.dfu
File: ot1enc.dfu 2015/09/07 v1.1p UTF-8 support for inputenc
   defining Unicode char U+00A0 (decimal 160)
   defining Unicode char U+00A1 (decimal 161)
   defining Unicode char U+00A3 (decimal 163)
   defining Unicode char U+00AD (decimal 173)
   defining Unicode char U+00B8 (decimal 184)
   defining Unicode char U+00BF (decimal 191)
   defining Unicode char U+00C5 (decimal 197)
   defining Unicode char U+00C6 (decimal 198)
   defining Unicode char U+00D8 (decimal 216)
   defining Unicode char U+00DF (decimal 223)
   defining Unicode char U+00E6 (decimal 230)
   defining Unicode char U+00EC (decimal 236)
   defining Unicode char U+00ED (decimal 237)
   defining Unicode char U+00EE (decimal 238)
   defining Unicode char U+00EF (decimal 239)
   defining Unicode char U+00F8 (decimal 248)
   defining Unicode char U+0131 (decimal 305)
   defining Unicode char U+0141 (decimal 321)
   defining Unicode char U+0142 (decimal 322)
   defining Unicode char U+0152 (decimal 338)
   defining Unicode char U+0153 (decimal 339)
   defining Unicode char U+0174 (decimal 372)
   defining Unicode char U+0175 (decimal 373)
   defining Unicode char U+0176 (decimal 374)
   defining Unicode char U+0177 (decimal 375)
   defining Unicode char U+0218 (decimal 536)
   defining Unicode char U+0219 (decimal 537)
   defining Unicode char U+021A (decimal 538)
   defining Unicode char U+021B (decimal 539)
   defining Unicode char U+2013 (decimal 8211)
   defining Unicode char U+2014 (decimal 8212)
   defining Unicode char U+2018 (decimal 8216)
   defining Unicode char U+2019 (decimal 8217)
   defining Unicode char U+201C (decimal 8220)
   defining Unicode char U+201D (decimal 8221)
)
Now handling font encoding OMS ...
... processing UTF-8 mapping file for font encoding OMS

(c:/w32tex/share/texmf-dist/tex/latex/base/omsenc.dfu
File: omsenc.dfu 2015/09/07 v1.1p UTF-8 support for inputenc
   defining Unicode char U+00A7 (decimal 167)
   defining Unicode char U+00B6 (decimal 182)
   defining Unicode char U+00B7 (decimal 183)
   defining Unicode char U+2020 (decimal 8224)
   defining Unicode char U+2021 (decimal 8225)
   defining Unicode char U+2022 (decimal 8226)
)
Now handling font encoding OMX ...
... no UTF-8 mapping file for font encoding OMX
Now handling font encoding U ...
... no UTF-8 mapping file for font encoding U
   defining Unicode char U+00A9 (decimal 169)
   defining Unicode char U+00AA (decimal 170)
   defining Unicode char U+00AE (decimal 174)
   defining Unicode char U+00BA (decimal 186)
   defining Unicode char U+02C6 (decimal 710)
   defining Unicode char U+02DC (decimal 732)
   defining Unicode char U+200C (decimal 8204)
   defining Unicode char U+2026 (decimal 8230)
   defining Unicode char U+2122 (decimal 8482)
   defining Unicode char U+2423 (decimal 9251)
))
(c:/w32tex/share/texmf-dist/tex/latex/geometry/geometry.sty
Package: geometry 2010/09/12 v5.6 Page Geometry

(c:/w32tex/share/texmf-dist/tex/latex/graphics/keyval.sty
Package: keyval 2014/10/28 v1.15 key=value parser (DPC)
\KV@toks@=\toks16
)
(c:/w32tex/share/texmf-dist/tex/generic/oberdiek/ifpdf.sty
Package: ifpdf 2011/01/30 v2.3 Provides the ifpdf switch (HO)
Package ifpdf Info: pdfTeX in PDF mode is detected.
)
(c:/w32tex/share/texmf-dist/tex/generic/oberdiek/ifvtex.sty
Package: ifvtex 2010/03/01 v1.5 Detect VTeX and its facilities (HO)
Package ifvtex Info: VTeX not detected.
)
(c:/w32tex/share/texmf-dist/tex/generic/ifxetex/ifxetex.sty
Package: ifxetex 2010/09/12 v0.6 Provides ifxetex conditional
)
\Gm@cnth=\count87
\Gm@cntv=\count88
\c@Gm@tempcnt=\count89
\Gm@bindingoffset=\dimen103
\Gm@wd@mp=\dimen104
\Gm@odd@mp=\dimen105
\Gm@even@mp=\dimen106
\Gm@layoutwidth=\dimen107
\Gm@layoutheight=\dimen108
\Gm@layouthoffset=\dimen109
\Gm@layoutvoffset=\dimen110
\Gm@dimlist=\toks17

(c:/w32tex/share/texmf-dist/tex/latex/geometry/geometry.cfg))
(c:/w32tex/share/texmf-dist/tex/latex/graphics/graphicx.sty
Package: graphicx 2014/10/28 v1.0g Enhanced LaTeX Graphics (DPC,SPQR)

(c:/w32tex/share/texmf-dist/tex/latex/graphics/graphics.sty
Package: graphics 2014/10/28 v1.0p Standard LaTeX Graphics (DPC,SPQR)

(c:/w32tex/share/texmf-dist/tex/latex/graphics/trig.sty
Package: trig 1999/03/16 v1.09 sin cos tan (DPC)
)
(c:/w32tex/share/texmf-dist/tex/latex/config/graphics.cfg
File: graphics.cfg 2010/04/23 v1.9 graphics configuration of TeX Live
)
Package graphics Info: Driver file: pdftex.def on input line 94.

(c:/w32tex/share/texmf-dist/tex/latex/pdftex-def/pdftex.def
File: pdftex.def 2011/05/27 v0.06d Graphics/color for pdfTeX

(c:/w32tex/share/texmf-dist/tex/generic/oberdiek/infwarerr.sty
Package: infwarerr 2010/04/08 v1.3 Providing info/warning/error messages (HO)
)
(c:/w32tex/share/texmf-dist/tex/generic/oberdiek/ltxcmds.sty
Package: ltxcmds 2011/11/09 v1.22 LaTeX kernel commands for general use (HO)
)
\Gread@gobject=\count90
))
\Gin@req@height=\dimen111
\Gin@req@width=\dimen112
)
(c:/w32tex/share/texmf-dist/tex/latex/xcolor/xcolor.sty
Package: xcolor 2007/01/21 v2.11 LaTeX color extensions (UK)

(c:/w32tex/share/texmf-dist/tex/latex/config/color.cfg
File: color.cfg 2007/01/18 v1.5 color configuration of teTeX/TeXLive
)
Package xcolor Info: Package option `usenames' ignored on input line 216.
Package xcolor Info: Driver file: pdftex.def on input line 225.

(c:/w32tex/share/texmf-dist/tex/latex/colortbl/colortbl.sty
Package: colortbl 2001/02/13 v0.1j Color table columns (DPC)

(c:/w32tex/share/texmf-dist/tex/latex/tools/array.sty
Package: array 2014/10/28 v2.4c Tabular extension package (FMi)
\col@sep=\dimen113
\extrarowheight=\dimen114
\NC@list=\toks18
\extratabsurround=\skip43
\backup@length=\skip44
)
\everycr=\toks19
\minrowclearance=\skip45
)
\rownum=\count91
Package xcolor Info: Model `cmy' substituted by `cmy0' on input line 1337.
Package xcolor Info: Model `hsb' substituted by `rgb' on input line 1341.
Package xcolor Info: Model `RGB' extended on input line 1353.
Package xcolor Info: Model `HTML' substituted by `rgb' on input line 1355.
Package xcolor Info: Model `Hsb' substituted by `hsb' on input line 1356.
Package xcolor Info: Model `tHsb' substituted by `hsb' on input line 1357.
Package xcolor Info: Model `HSB' substituted by `hsb' on input line 1358.
Package xcolor Info: Model `Gray' substituted by `gray' on input line 1359.
Package xcolor Info: Model `wave' substituted by `hsb' on input line 1360.

(c:/w32tex/share/texmf-dist/tex/latex/graphics/dvipsnam.def
File: dvipsnam.def 2014/10/14 v3.0j Driver-dependent file (DPC,SPQR)
)
(c:/w32tex/share/texmf-dist/tex/latex/xcolor/svgnam.def
File: svgnam.def 2007/01/21 v2.11 Predefined colors according to SVG 1.1 (UK)
))
(c:/w32tex/share/texmf-dist/tex/latex/csvsimple/csvsimple.sty
Package: csvsimple 2013/09/25 version 1.07 LaTeX CSV file processing

(c:/w32tex/share/texmf-dist/tex/latex/pgf/utilities/pgfkeys.sty
(c:/w32tex/share/texmf-dist/tex/generic/pgf/utilities/pgfkeys.code.tex
\pgfkeys@pathtoks=\toks20
\pgfkeys@temptoks=\toks21

(c:/w32tex/share/texmf-dist/tex/generic/pgf/utilities/pgfkeysfiltered.code.tex
\pgfkeys@tmptoks=\toks22
))) (c:/w32tex/share/texmf-dist/tex/latex/base/ifthen.sty
Package: ifthen 2014/09/29 v1.1c Standard LaTeX ifthen package (DPC)
)
\csv@file=\read1
\c@csvinputline=\count92
\c@csvrow=\count93
\c@csvcol=\count94
)
(c:/w32tex/share/texmf-dist/tex/latex/url/url.sty
\Urlmuskip=\muskip10
Package: url 2013/09/16  ver 3.4  Verb mode for urls, etc.
)
(c:/w32tex/share/texmf-dist/tex/latex/booktabs/booktabs.sty
Package: booktabs 2005/04/14 v1.61803 publication quality tables
\heavyrulewidth=\dimen115
\lightrulewidth=\dimen116
\cmidrulewidth=\dimen117
\belowrulesep=\dimen118
\belowbottomsep=\dimen119
\aboverulesep=\dimen120
\abovetopsep=\dimen121
\cmidrulesep=\dimen122
\cmidrulekern=\dimen123
\defaultaddspace=\dimen124
\@cmidla=\count95
\@cmidlb=\count96
\@aboverulesep=\dimen125
\@belowrulesep=\dimen126
\@thisruleclass=\count97
\@lastruleclass=\count98
\@thisrulewidth=\dimen127
)
(c:/w32tex/share/texmf-dist/tex/latex/paralist/paralist.sty
Package: paralist 2002/03/18 v2.3b Extended list environments (BS)
\pltopsep=\skip46
\plpartopsep=\skip47
\plitemsep=\skip48
\plparsep=\skip49
\pl@lab=\toks23
)
(c:/w32tex/share/texmf-dist/tex/latex/tools/verbatim.sty
Package: verbatim 2014/10/28 v1.5q LaTeX2e package for verbatim enhancements
\every@verbatim=\toks24
\verbatim@line=\toks25
\verbatim@in@stream=\read2
)
(c:/w32tex/share/texmf-dist/tex/latex/tools/tabu.sty
Package: tabu 2011/02/26 v2.8 - flexible LaTeX tabulars (FC)

(c:/w32tex/share/texmf-dist/tex/latex/varwidth/varwidth.sty
Package: varwidth 2009/03/30 ver 0.92;  Variable-width minipages
\@vwid@box=\box26
\sift@deathcycles=\count99
\@vwid@loff=\dimen128
\@vwid@roff=\dimen129
)
\c@taburow=\count100
\tabu@nbcols=\count101
\tabu@cnt=\count102
\tabu@Xcol=\count103
\tabu@alloc=\count104
\tabu@nested=\count105
\tabu@target=\dimen130
\tabu@spreadtarget=\dimen131
\tabu@naturalX=\dimen132
\tabucolX=\dimen133
\tabu@Xsum=\dimen134
\extrarowdepth=\dimen135
\abovetabulinesep=\dimen136
\belowtabulinesep=\dimen137
\tabustrutrule=\dimen138
\tabu@thebody=\toks26
\tabu@footnotes=\toks27
\tabu@box=\box27
\tabu@arstrutbox=\box28
\tabu@hleads=\box29
\tabu@vleads=\box30
\tabu@cellskip=\skip50
)
(c:/w32tex/share/texmf-dist/tex/latex/tools/tabularx.sty
Package: tabularx 2014/10/28 v2.10 `tabularx' package (DPC)
\TX@col@width=\dimen139
\TX@old@table=\dimen140
\TX@old@col=\dimen141
\TX@target=\dimen142
\TX@delta=\dimen143
\TX@cols=\count106
\TX@ftn=\toks28
)
(c:/w32tex/share/texmf-dist/tex/latex/float/float.sty
Package: float 2001/11/08 v1.3d Float enhancements (AL)
\c@float@type=\count107
\float@exts=\toks29
\float@box=\box31
\@float@everytoks=\toks30
\@floatcapt=\box32
)
(c:/w32tex/share/texmf-dist/tex/latex/adjustbox/adjustbox.sty
Package: adjustbox 2012/05/21 v1.0 Adjusting TeX boxes (trim, clip, ...)

(c:/w32tex/share/texmf-dist/tex/latex/xkeyval/xkeyval.sty
Package: xkeyval 2014/12/03 v2.7a package option processing (HA)

(c:/w32tex/share/texmf-dist/tex/generic/xkeyval/xkeyval.tex
\XKV@toks=\toks31
\XKV@tempa@toks=\toks32
\XKV@depth=\count108
File: xkeyval.tex 2008/08/13 v2.6a key=value parser (HA)
))
(c:/w32tex/share/texmf-dist/tex/latex/adjustbox/adjcalc.sty
Package: adjcalc 2012/05/16 v1.1 Provides advanced setlength with multiple back
-ends (calc, etex, pgfmath)
)
(c:/w32tex/share/texmf-dist/tex/latex/adjustbox/trimclip.sty
Package: trimclip 2012/05/16 v1.0 Trim and clip general TeX material

(c:/w32tex/share/texmf-dist/tex/latex/collectbox/collectbox.sty
Package: collectbox 2012/05/17 v0.4b Collect macro arguments as boxes
\collectedbox=\box33
)
\tc@llx=\dimen144
\tc@lly=\dimen145
\tc@urx=\dimen146
\tc@ury=\dimen147
Package trimclip Info: Using driver 'tc-pdftex.def'.

(c:/w32tex/share/texmf-dist/tex/latex/adjustbox/tc-pdftex.def
File: tc-pdftex.def 2012/05/13 v1.0 Clipping driver for pdftex
))
\adjbox@Width=\dimen148
\adjbox@Height=\dimen149
\adjbox@Depth=\dimen150
\adjbox@Totalheight=\dimen151
)
(c:/w32tex/share/texmf-dist/tex/latex/caption/caption.sty
Package: caption 2015/09/17 v3.3-111 Customizing captions (AR)

(c:/w32tex/share/texmf-dist/tex/latex/caption/caption3.sty
Package: caption3 2015/09/20 v1.7-115 caption3 kernel (AR)
Package caption3 Info: TeX engine: e-TeX on input line 57.
\captionmargin=\dimen152
\captionmargin@=\dimen153
\captionwidth=\dimen154
\caption@tempdima=\dimen155
\caption@indent=\dimen156
\caption@parindent=\dimen157
\caption@hangindent=\dimen158
)
\c@ContinuedFloat=\count109
Package caption Info: float package is loaded.
)
(c:/w32tex/share/texmf-dist/tex/latex/caption/subcaption.sty
Package: subcaption 2015/09/15 v1.1-100 Sub-captions (AR)
\c@subfigure=\count110
\c@subtable=\count111
)
(c:/w32tex/share/texmf-dist/tex/latex/comment/comment.sty
\CommentStream=\write3

Excluding comment 'comment')
(c:/w32tex/share/texmf-dist/tex/latex/fancyhdr/fancyhdr.sty
\fancy@headwidth=\skip51
\f@ncyO@elh=\skip52
\f@ncyO@erh=\skip53
\f@ncyO@olh=\skip54
\f@ncyO@orh=\skip55
\f@ncyO@elf=\skip56
\f@ncyO@erf=\skip57
\f@ncyO@olf=\skip58
\f@ncyO@orf=\skip59
)
(c:/w32tex/share/texmf-dist/tex/latex/sectsty/sectsty.sty
Package: sectsty 2002/02/25 v2.0.2 Commands to change all sectional heading sty
les
)
(c:/w32tex/share/texmf-dist/tex/latex/tocbibind/tocbibind.sty
Package: tocbibind 2010/10/13 v1.5k extra ToC listings
Package tocbibind Info: The document has section divisions on input line 50.


Package tocbibind Note: Using section or other style headings.

) (c:/w32tex/share/texmf-dist/tex/latex/tocloft/tocloft.sty
Package: tocloft 2013/05/02 v2.3f parameterised ToC, etc., typesetting
Package tocloft Info: The document has section divisions on input line 44.
\cftparskip=\skip60
\cftbeforetoctitleskip=\skip61
\cftaftertoctitleskip=\skip62
\cftbeforepartskip=\skip63
\cftpartnumwidth=\skip64
\cftpartindent=\skip65
\cftbeforesecskip=\skip66
\cftsecindent=\skip67
\cftsecnumwidth=\skip68
\cftbeforesubsecskip=\skip69
\cftsubsecindent=\skip70
\cftsubsecnumwidth=\skip71
\cftbeforesubsubsecskip=\skip72
\cftsubsubsecindent=\skip73
\cftsubsubsecnumwidth=\skip74
\cftbeforeparaskip=\skip75
\cftparaindent=\skip76
\cftparanumwidth=\skip77
\cftbeforesubparaskip=\skip78
\cftsubparaindent=\skip79
\cftsubparanumwidth=\skip80
\cftbeforeloftitleskip=\skip81
\cftafterloftitleskip=\skip82
\cftbeforefigskip=\skip83
\cftfigindent=\skip84
\cftfignumwidth=\skip85
\cftbeforelottitleskip=\skip86
\cftafterlottitleskip=\skip87
\cftbeforetabskip=\skip88
\cfttabindent=\skip89
\cfttabnumwidth=\skip90
\cftbeforesubfigskip=\skip91
\cftsubfigindent=\skip92
\cftsubfignumwidth=\skip93
\cftbeforesubtabskip=\skip94
\cftsubtabindent=\skip95
\cftsubtabnumwidth=\skip96
)
(./LB_SensitivityMemo_V21.aux)
\openout1 = `LB_SensitivityMemo_V21.aux'.

LaTeX Font Info:    Checking defaults for OML/cmm/m/it on input line 76.
LaTeX Font Info:    ... okay on input line 76.
LaTeX Font Info:    Checking defaults for T1/cmr/m/n on input line 76.
LaTeX Font Info:    ... okay on input line 76.
LaTeX Font Info:    Checking defaults for OT1/cmr/m/n on input line 76.
LaTeX Font Info:    ... okay on input line 76.
LaTeX Font Info:    Checking defaults for OMS/cmsy/m/n on input line 76.
LaTeX Font Info:    ... okay on input line 76.
LaTeX Font Info:    Checking defaults for OMX/cmex/m/n on input line 76.
LaTeX Font Info:    ... okay on input line 76.
LaTeX Font Info:    Checking defaults for U/cmr/m/n on input line 76.
LaTeX Font Info:    ... okay on input line 76.

*geometry* driver: auto-detecting
*geometry* detected driver: pdftex
*geometry* verbose mode - [ preamble ] result:
* driver: pdftex
* paper: a4paper
* layout: <same size as paper>
* layoutoffset:(h,v)=(0.0pt,0.0pt)
* modes: 
* h-part:(L,W,R)=(89.62709pt, 418.25368pt, 89.6271pt)
* v-part:(T,H,B)=(101.40665pt, 591.5302pt, 152.11pt)
* \paperwidth=597.50787pt
* \paperheight=845.04684pt
* \textwidth=418.25368pt
* \textheight=591.5302pt
* \oddsidemargin=17.3571pt
* \evensidemargin=17.3571pt
* \topmargin=-7.86334pt
* \headheight=12.0pt
* \headsep=25.0pt
* \topskip=12.0pt
* \footskip=30.0pt
* \marginparwidth=44.0pt
* \marginparsep=10.0pt
* \columnsep=10.0pt
* \skip\footins=10.8pt plus 4.0pt minus 2.0pt
* \hoffset=0.0pt
* \voffset=0.0pt
* \mag=1000
* \@twocolumnfalse
* \@twosidefalse
* \@mparswitchfalse
* \@reversemarginfalse
* (1in=72.27pt=25.4mm, 1cm=28.453pt)

(c:/w32tex/share/texmf-dist/tex/context/base/supp-pdf.mkii
[Loading MPS to PDF converter (version 2006.09.02).]
\scratchcounter=\count112
\scratchdimen=\dimen159
\scratchbox=\box34
\nofMPsegments=\count113
\nofMParguments=\count114
\everyMPshowfont=\toks33
\MPscratchCnt=\count115
\MPscratchDim=\dimen160
\MPnumerator=\count116
\makeMPintoPDFobject=\count117
\everyMPtoPDFconversion=\toks34
) (c:/w32tex/share/texmf-dist/tex/generic/oberdiek/pdftexcmds.sty
Package: pdftexcmds 2011/11/29 v0.20 Utility functions of pdfTeX for LuaTeX (HO
)

(c:/w32tex/share/texmf-dist/tex/generic/oberdiek/ifluatex.sty
Package: ifluatex 2010/03/01 v1.3 Provides the ifluatex switch (HO)
Package ifluatex Info: LuaTeX not detected.
)
Package pdftexcmds Info: LuaTeX not detected.
Package pdftexcmds Info: \pdf@primitive is available.
Package pdftexcmds Info: \pdf@ifprimitive is available.
Package pdftexcmds Info: \pdfdraftmode found.
)
(c:/w32tex/share/texmf-dist/tex/latex/oberdiek/epstopdf-base.sty
Package: epstopdf-base 2010/02/09 v2.5 Base part for package epstopdf

(c:/w32tex/share/texmf-dist/tex/latex/oberdiek/grfext.sty
Package: grfext 2010/08/19 v1.1 Manage graphics extensions (HO)

(c:/w32tex/share/texmf-dist/tex/generic/oberdiek/kvdefinekeys.sty
Package: kvdefinekeys 2011/04/07 v1.3 Define keys (HO)
))
(c:/w32tex/share/texmf-dist/tex/latex/oberdiek/kvoptions.sty
Package: kvoptions 2011/06/30 v3.11 Key value format for package options (HO)

(c:/w32tex/share/texmf-dist/tex/generic/oberdiek/kvsetkeys.sty
Package: kvsetkeys 2012/04/25 v1.16 Key value parser (HO)

(c:/w32tex/share/texmf-dist/tex/generic/oberdiek/etexcmds.sty
Package: etexcmds 2011/02/16 v1.5 Avoid name clashes with e-TeX commands (HO)
Package etexcmds Info: Could not find \expanded.
(etexcmds)             That can mean that you are not using pdfTeX 1.50 or
(etexcmds)             that some package has redefined \expanded.
(etexcmds)             In the latter case, load this package earlier.
)))
Package grfext Info: Graphics extension search list:
(grfext)             [.png,.pdf,.jpg,.mps,.jpeg,.jbig2,.jb2,.PNG,.PDF,.JPG,.JPE
G,.JBIG2,.JB2,.eps]
(grfext)             \AppendGraphicsExtensions on input line 452.

(c:/w32tex/share/texmf-dist/tex/latex/config/epstopdf-sys.cfg
File: epstopdf-sys.cfg 2010/07/13 v1.3 Configuration of (r)epstopdf for TeX Liv
e
))
Package caption Info: Begin \AtBeginDocument code.
Package caption Info: End \AtBeginDocument code.
LaTeX Font Info:    External font `cmex10' loaded for size
(Font)              <14.4> on input line 77.
LaTeX Font Info:    External font `cmex10' loaded for size
(Font)              <7> on input line 77.
 [1

{c:/w32tex/share/texmf-dist/fonts/map/pdftex/updmap/pdftex.map}]

LaTeX Font Warning: Font shape `OT1/cmr/bx/n' in size <24> not available
(Font)              size <24.88> substituted on input line 85.

LaTeX Font Info:    Try loading font information for OMS+cmr on input line 92.
(c:/w32tex/share/texmf-dist/tex/latex/base/omscmr.fd
File: omscmr.fd 2014/09/29 v2.5h Standard LaTeX font definitions
)
LaTeX Font Info:    Font shape `OMS/cmr/m/n' in size <12> not available
(Font)              Font shape `OMS/cmsy/m/n' tried instead on input line 92.
 [1

]
(./LB_SensitivityMemo_V21.toc
LaTeX Font Info:    External font `cmex10' loaded for size
(Font)              <12> on input line 1.
LaTeX Font Info:    External font `cmex10' loaded for size
(Font)              <8> on input line 1.
LaTeX Font Info:    External font `cmex10' loaded for size
(Font)              <6> on input line 1.
 [2] [3] [4])
\tf@toc=\write4
\openout4 = `LB_SensitivityMemo_V21.toc'.

 [5]
<PNG/LFT_Ted.png, id=25, 1300.86pt x 650.43pt>
File: PNG/LFT_Ted.png Graphic file (type png)
 <use PNG/LFT_Ted.png>
Package pdftex.def Info: PNG/LFT_Ted.png used on input line 261.
(pdftex.def)             Requested size: 334.60422pt x 297.40504pt.


LaTeX Warning: `!h' float specifier changed to `!ht'.

[6]
Overfull \vbox (10.87451pt too high) has occurred while \output is active []


[7 <./PNG/LFT_Ted.png>] <PNG/HFT_Ted.png, id=36, 1300.86pt x 650.43pt>
File: PNG/HFT_Ted.png Graphic file (type png)

<use PNG/HFT_Ted.png>
Package pdftex.def Info: PNG/HFT_Ted.png used on input line 320.
(pdftex.def)             Requested size: 334.60422pt x 284.3952pt.
 [8 <./PNG/HFT_Ted.png>] [9] [10] [11]
Overfull \hbox (29.23228pt too wide) in paragraph at lines 504--535
 [][] 
 []

[12] [13]
Overfull \hbox (28.2573pt too wide) in paragraph at lines 626--639
 [][] 
 []

[14] [15] <PDF/LBSensitivity_noMargin.pdf, id=65, 578.16pt x 433.62pt>
File: PDF/LBSensitivity_noMargin.pdf Graphic file (type pdf)

<use PDF/LBSensitivity_noMargin.pdf>
Package pdftex.def Info: PDF/LBSensitivity_noMargin.pdf used on input line 692.

(pdftex.def)             Requested size: 460.08159pt x 345.05708pt.
 [16] [17 <./PDF/LBSensitivity_noMargin.pdf>] <PDF/LBSensitivity_withMargin.pdf
, id=105, 578.16pt x 433.62pt>
File: PDF/LBSensitivity_withMargin.pdf Graphic file (type pdf)

<use PDF/LBSensitivity_withMargin.pdf>
Package pdftex.def Info: PDF/LBSensitivity_withMargin.pdf used on input line 73
6.
(pdftex.def)             Requested size: 460.08159pt x 345.05708pt.
 [18] [19 <./PDF/LBSensitivity_withMargin.pdf>] [20] [21] [22]
Underfull \hbox (badness 3240) in paragraph at lines 925--925
\OT1/cmr/m/n/12 2016-01-14. Nine 3mm
 []


Underfull \hbox (badness 2486) in paragraph at lines 925--925
\OT1/cmr/m/n/12 Toki on 2016-01-14 gave
 []

[23]
Underfull \hbox (badness 6001) in paragraph at lines 985--985
[]|\OT1/cmr/m/n/12 Discussion with Tomo on
 []


Underfull \hbox (badness 6001) in paragraph at lines 985--985
[]|\OT1/cmr/m/n/12 Discussion with Tomo on
 []


Underfull \hbox (badness 10000) in paragraph at lines 985--985
\OT1/cmr/m/n/12 us-ing grooved sil-i-con for
 []

[24]
Underfull \hbox (badness 10000) in paragraph at lines 1046--1046
[]|\OT1/cmr/m/n/12 Email cor-re-spon-dance with
 []

[25]
Underfull \hbox (badness 5274) in paragraph at lines 1105--1105
[]|\OT1/cmr/m/n/12 Mirror rough-ness achieved by
 []

[26] Excluding 'comment' comment.
Underfull \hbox (badness 10000) in paragraph at lines 1182--1182
\OT1/cmr/m/n/12 01-14: min-i-mum rigid-ity
 []


Underfull \hbox (badness 10000) in paragraph at lines 1182--1182
\OT1/cmr/m/n/12 us-ing grooved sil-i-con for
 []

[27] [28]
Underfull \hbox (badness 5741) in paragraph at lines 1302--1302
[]|\OT1/cmr/m/n/12 Discussion with Toki and
 []


Underfull \hbox (badness 1087) in paragraph at lines 1302--1302
[]|\OT1/cmr/m/n/12 100% of scat-ter-ing goes to
 []

[29] [30]
Underfull \hbox (badness 4096) in paragraph at lines 1389--1389
[]|\OT1/cmr/m/n/12 30% con-ser-va-tive es-ti-mate from
 []

[31] [32]
<PDF/LFT_MS_LF-135_hotRefl_fixFOV_extSrc.pdf, id=178, 1445.4pt x 722.7pt>
File: PDF/LFT_MS_LF-135_hotRefl_fixFOV_extSrc.pdf Graphic file (type pdf)

<use PDF/LFT_MS_LF-135_hotRefl_fixFOV_extSrc.pdf>
Package pdftex.def Info: PDF/LFT_MS_LF-135_hotRefl_fixFOV_extSrc.pdf used on in
put line 1462.
(pdftex.def)             Requested size: 460.08159pt x 230.03365pt.

<PDF/LFT_MS_LF-135_hotRefl_fixFOV_ptSrc.pdf, id=179, 1445.4pt x 722.7pt>
File: PDF/LFT_MS_LF-135_hotRefl_fixFOV_ptSrc.pdf Graphic file (type pdf)

<use PDF/LFT_MS_LF-135_hotRefl_fixFOV_ptSrc.pdf>
Package pdftex.def Info: PDF/LFT_MS_LF-135_hotRefl_fixFOV_ptSrc.pdf used on inp
ut line 1468.
(pdftex.def)             Requested size: 460.08159pt x 230.03365pt.

<PDF/LFT_MS_LF-246_hotRefl_fixFOV_extSrc.pdf, id=180, 1445.4pt x 722.7pt>
File: PDF/LFT_MS_LF-246_hotRefl_fixFOV_extSrc.pdf Graphic file (type pdf)

<use PDF/LFT_MS_LF-246_hotRefl_fixFOV_extSrc.pdf>
Package pdftex.def Info: PDF/LFT_MS_LF-246_hotRefl_fixFOV_extSrc.pdf used on in
put line 1478.
(pdftex.def)             Requested size: 460.08159pt x 230.03365pt.
 [33

 <./PDF/LFT_MS_LF-135_hotRefl_fixFOV_extSrc.pdf> <./PDF/LFT_MS_LF-135_hotRefl_f
ixFOV_ptSrc.pdf

pdfTeX warning: pdflatex.exe (file ./PDF/LFT_MS_LF-135_hotRefl_fixFOV_ptSrc.pdf
): PDF inclusion: multiple pdfs with page group included in a single page
>] <PDF/LFT_MS_LF-246_hotRefl_fixFOV_ptSrc.pdf, id=223, 1445.4pt x 722.7pt>
File: PDF/LFT_MS_LF-246_hotRefl_fixFOV_ptSrc.pdf Graphic file (type pdf)

<use PDF/LFT_MS_LF-246_hotRefl_fixFOV_ptSrc.pdf>
Package pdftex.def Info: PDF/LFT_MS_LF-246_hotRefl_fixFOV_ptSrc.pdf used on inp
ut line 1484.
(pdftex.def)             Requested size: 460.08159pt x 230.03365pt.

<PDF/LFT_MS_MF-135_hotRefl_fixFOV_extSrc.pdf, id=224, 1445.4pt x 722.7pt>
File: PDF/LFT_MS_MF-135_hotRefl_fixFOV_extSrc.pdf Graphic file (type pdf)

<use PDF/LFT_MS_MF-135_hotRefl_fixFOV_extSrc.pdf>
Package pdftex.def Info: PDF/LFT_MS_MF-135_hotRefl_fixFOV_extSrc.pdf used on in
put line 1494.
(pdftex.def)             Requested size: 460.08159pt x 230.03365pt.
 [34 <./PDF/LFT_MS_LF-246_hotRefl_fixFOV_extSrc.pdf> <./PDF/LFT_MS_LF-246_hotRe
fl_fixFOV_ptSrc.pdf

pdfTeX warning: pdflatex.exe (file ./PDF/LFT_MS_LF-246_hotRefl_fixFOV_ptSrc.pdf
): PDF inclusion: multiple pdfs with page group included in a single page
>] <PDF/LFT_MS_MF-135_hotRefl_fixFOV_ptSrc.pdf, id=261, 1445.4pt x 722.7pt>
File: PDF/LFT_MS_MF-135_hotRefl_fixFOV_ptSrc.pdf Graphic file (type pdf)

<use PDF/LFT_MS_MF-135_hotRefl_fixFOV_ptSrc.pdf>
Package pdftex.def Info: PDF/LFT_MS_MF-135_hotRefl_fixFOV_ptSrc.pdf used on inp
ut line 1500.
(pdftex.def)             Requested size: 460.08159pt x 230.03365pt.

<PDF/LFT_MS_MF-246_hotRefl_fixFOV_extSrc.pdf, id=262, 1445.4pt x 722.7pt>
File: PDF/LFT_MS_MF-246_hotRefl_fixFOV_extSrc.pdf Graphic file (type pdf)

<use PDF/LFT_MS_MF-246_hotRefl_fixFOV_extSrc.pdf>
Package pdftex.def Info: PDF/LFT_MS_MF-246_hotRefl_fixFOV_extSrc.pdf used on in
put line 1510.
(pdftex.def)             Requested size: 460.08159pt x 230.03365pt.
 [35 <./PDF/LFT_MS_MF-135_hotRefl_fixFOV_extSrc.pdf> <./PDF/LFT_MS_MF-135_hotRe
fl_fixFOV_ptSrc.pdf

pdfTeX warning: pdflatex.exe (file ./PDF/LFT_MS_MF-135_hotRefl_fixFOV_ptSrc.pdf
): PDF inclusion: multiple pdfs with page group included in a single page
>] <PDF/LFT_MS_MF-246_hotRefl_fixFOV_ptSrc.pdf, id=300, 1445.4pt x 722.7pt>
File: PDF/LFT_MS_MF-246_hotRefl_fixFOV_ptSrc.pdf Graphic file (type pdf)

<use PDF/LFT_MS_MF-246_hotRefl_fixFOV_ptSrc.pdf>
Package pdftex.def Info: PDF/LFT_MS_MF-246_hotRefl_fixFOV_ptSrc.pdf used on inp
ut line 1516.
(pdftex.def)             Requested size: 460.08159pt x 230.03365pt.

<PDF/HFT_MS_hotRefl_fixFOV_extSrc.pdf, id=301, 1445.4pt x 722.7pt>
File: PDF/HFT_MS_hotRefl_fixFOV_extSrc.pdf Graphic file (type pdf)

<use PDF/HFT_MS_hotRefl_fixFOV_extSrc.pdf>
Package pdftex.def Info: PDF/HFT_MS_hotRefl_fixFOV_extSrc.pdf used on input lin
e 1526.
(pdftex.def)             Requested size: 460.08159pt x 230.03365pt.
 [36 <./PDF/LFT_MS_MF-246_hotRefl_fixFOV_extSrc.pdf> <./PDF/LFT_MS_MF-246_hotRe
fl_fixFOV_ptSrc.pdf

pdfTeX warning: pdflatex.exe (file ./PDF/LFT_MS_MF-246_hotRefl_fixFOV_ptSrc.pdf
): PDF inclusion: multiple pdfs with page group included in a single page
>] <PDF/HFT_MS_hotRefl_fixFOV_ptSrc.pdf, id=339, 1445.4pt x 722.7pt>
File: PDF/HFT_MS_hotRefl_fixFOV_ptSrc.pdf Graphic file (type pdf)

<use PDF/HFT_MS_hotRefl_fixFOV_ptSrc.pdf>
Package pdftex.def Info: PDF/HFT_MS_hotRefl_fixFOV_ptSrc.pdf used on input line
 1532.
(pdftex.def)             Requested size: 460.08159pt x 230.03365pt.
 [37 <./PDF/HFT_MS_hotRefl_fixFOV_extSrc.pdf> <./PDF/HFT_MS_hotRefl_fixFOV_ptSr
c.pdf

pdfTeX warning: pdflatex.exe (file ./PDF/HFT_MS_hotRefl_fixFOV_ptSrc.pdf): PDF 
inclusion: multiple pdfs with page group included in a single page
>] [38]
<PDF/LFT_MS_LF-135_hotRefl_fixDetNum_extSrc.pdf, id=387, 1445.4pt x 722.7pt>
File: PDF/LFT_MS_LF-135_hotRefl_fixDetNum_extSrc.pdf Graphic file (type pdf)

<use PDF/LFT_MS_LF-135_hotRefl_fixDetNum_extSrc.pdf>
Package pdftex.def Info: PDF/LFT_MS_LF-135_hotRefl_fixDetNum_extSrc.pdf used on
 input line 1551.
(pdftex.def)             Requested size: 460.08159pt x 230.03365pt.

<PDF/LFT_MS_LF-135_hotRefl_fixDetNum_ptSrc.pdf, id=388, 1445.4pt x 722.7pt>
File: PDF/LFT_MS_LF-135_hotRefl_fixDetNum_ptSrc.pdf Graphic file (type pdf)

<use PDF/LFT_MS_LF-135_hotRefl_fixDetNum_ptSrc.pdf>
Package pdftex.def Info: PDF/LFT_MS_LF-135_hotRefl_fixDetNum_ptSrc.pdf used on 
input line 1557.
(pdftex.def)             Requested size: 460.08159pt x 230.03365pt.

<PDF/LFT_MS_LF-246_hotRefl_fixDetNum_extSrc.pdf, id=389, 1445.4pt x 722.7pt>
File: PDF/LFT_MS_LF-246_hotRefl_fixDetNum_extSrc.pdf Graphic file (type pdf)

<use PDF/LFT_MS_LF-246_hotRefl_fixDetNum_extSrc.pdf>
Package pdftex.def Info: PDF/LFT_MS_LF-246_hotRefl_fixDetNum_extSrc.pdf used on
 input line 1567.
(pdftex.def)             Requested size: 460.08159pt x 230.03365pt.
 [39

 <./PDF/LFT_MS_LF-135_hotRefl_fixDetNum_extSrc.pdf> <./PDF/LFT_MS_LF-135_hotRef
l_fixDetNum_ptSrc.pdf

pdfTeX warning: pdflatex.exe (file ./PDF/LFT_MS_LF-135_hotRefl_fixDetNum_ptSrc.
pdf): PDF inclusion: multiple pdfs with page group included in a single page
>] <PDF/LFT_MS_LF-246_hotRefl_fixDetNum_ptSrc.pdf, id=421, 1445.4pt x 722.7pt>
File: PDF/LFT_MS_LF-246_hotRefl_fixDetNum_ptSrc.pdf Graphic file (type pdf)

<use PDF/LFT_MS_LF-246_hotRefl_fixDetNum_ptSrc.pdf>
Package pdftex.def Info: PDF/LFT_MS_LF-246_hotRefl_fixDetNum_ptSrc.pdf used on 
input line 1573.
(pdftex.def)             Requested size: 460.08159pt x 230.03365pt.

<PDF/LFT_MS_MF-135_hotRefl_fixDetNum_extSrc.pdf, id=422, 1445.4pt x 722.7pt>
File: PDF/LFT_MS_MF-135_hotRefl_fixDetNum_extSrc.pdf Graphic file (type pdf)

<use PDF/LFT_MS_MF-135_hotRefl_fixDetNum_extSrc.pdf>
Package pdftex.def Info: PDF/LFT_MS_MF-135_hotRefl_fixDetNum_extSrc.pdf used on
 input line 1583.
(pdftex.def)             Requested size: 460.08159pt x 230.03365pt.
 [40 <./PDF/LFT_MS_LF-246_hotRefl_fixDetNum_extSrc.pdf> <./PDF/LFT_MS_LF-246_ho
tRefl_fixDetNum_ptSrc.pdf

pdfTeX warning: pdflatex.exe (file ./PDF/LFT_MS_LF-246_hotRefl_fixDetNum_ptSrc.
pdf): PDF inclusion: multiple pdfs with page group included in a single page
>] <PDF/LFT_MS_MF-135_hotRefl_fixDetNum_ptSrc.pdf, id=453, 1445.4pt x 722.7pt>
File: PDF/LFT_MS_MF-135_hotRefl_fixDetNum_ptSrc.pdf Graphic file (type pdf)

<use PDF/LFT_MS_MF-135_hotRefl_fixDetNum_ptSrc.pdf>
Package pdftex.def Info: PDF/LFT_MS_MF-135_hotRefl_fixDetNum_ptSrc.pdf used on 
input line 1589.
(pdftex.def)             Requested size: 460.08159pt x 230.03365pt.

<PDF/LFT_MS_MF-246_hotRefl_fixDetNum_extSrc.pdf, id=454, 1445.4pt x 722.7pt>
File: PDF/LFT_MS_MF-246_hotRefl_fixDetNum_extSrc.pdf Graphic file (type pdf)

<use PDF/LFT_MS_MF-246_hotRefl_fixDetNum_extSrc.pdf>
Package pdftex.def Info: PDF/LFT_MS_MF-246_hotRefl_fixDetNum_extSrc.pdf used on
 input line 1599.
(pdftex.def)             Requested size: 460.08159pt x 230.03365pt.
 [41 <./PDF/LFT_MS_MF-135_hotRefl_fixDetNum_extSrc.pdf> <./PDF/LFT_MS_MF-135_ho
tRefl_fixDetNum_ptSrc.pdf

pdfTeX warning: pdflatex.exe (file ./PDF/LFT_MS_MF-135_hotRefl_fixDetNum_ptSrc.
pdf): PDF inclusion: multiple pdfs with page group included in a single page
>] <PDF/LFT_MS_MF-246_hotRefl_fixDetNum_ptSrc.pdf, id=497, 1445.4pt x 722.7pt>
File: PDF/LFT_MS_MF-246_hotRefl_fixDetNum_ptSrc.pdf Graphic file (type pdf)

<use PDF/LFT_MS_MF-246_hotRefl_fixDetNum_ptSrc.pdf>
Package pdftex.def Info: PDF/LFT_MS_MF-246_hotRefl_fixDetNum_ptSrc.pdf used on 
input line 1605.
(pdftex.def)             Requested size: 460.08159pt x 230.03365pt.

<PDF/HFT_MS_hotRefl_fixDetNum_extSrc.pdf, id=498, 1445.4pt x 722.7pt>
File: PDF/HFT_MS_hotRefl_fixDetNum_extSrc.pdf Graphic file (type pdf)

<use PDF/HFT_MS_hotRefl_fixDetNum_extSrc.pdf>
Package pdftex.def Info: PDF/HFT_MS_hotRefl_fixDetNum_extSrc.pdf used on input 
line 1615.
(pdftex.def)             Requested size: 460.08159pt x 230.03365pt.
 [42 <./PDF/LFT_MS_MF-246_hotRefl_fixDetNum_extSrc.pdf> <./PDF/LFT_MS_MF-246_ho
tRefl_fixDetNum_ptSrc.pdf

pdfTeX warning: pdflatex.exe (file ./PDF/LFT_MS_MF-246_hotRefl_fixDetNum_ptSrc.
pdf): PDF inclusion: multiple pdfs with page group included in a single page
>] <PDF/HFT_MS_hotRefl_fixDetNum_ptSrc.pdf, id=543, 1445.4pt x 722.7pt>
File: PDF/HFT_MS_hotRefl_fixDetNum_ptSrc.pdf Graphic file (type pdf)

<use PDF/HFT_MS_hotRefl_fixDetNum_ptSrc.pdf>
Package pdftex.def Info: PDF/HFT_MS_hotRefl_fixDetNum_ptSrc.pdf used on input l
ine 1621.
(pdftex.def)             Requested size: 460.08159pt x 230.03365pt.
 [43 <./PDF/HFT_MS_hotRefl_fixDetNum_extSrc.pdf> <./PDF/HFT_MS_hotRefl_fixDetNu
m_ptSrc.pdf

pdfTeX warning: pdflatex.exe (file ./PDF/HFT_MS_hotRefl_fixDetNum_ptSrc.pdf): P
DF inclusion: multiple pdfs with page group included in a single page
>] [44]
<PDF/LFT_MS_LF-135_coldRefl_fixFOV_extSrc.pdf, id=586, 1445.4pt x 722.7pt>
File: PDF/LFT_MS_LF-135_coldRefl_fixFOV_extSrc.pdf Graphic file (type pdf)

<use PDF/LFT_MS_LF-135_coldRefl_fixFOV_extSrc.pdf>
Package pdftex.def Info: PDF/LFT_MS_LF-135_coldRefl_fixFOV_extSrc.pdf used on i
nput line 1639.
(pdftex.def)             Requested size: 460.08159pt x 230.03365pt.

<PDF/LFT_MS_LF-135_coldRefl_fixFOV_ptSrc.pdf, id=587, 1445.4pt x 722.7pt>
File: PDF/LFT_MS_LF-135_coldRefl_fixFOV_ptSrc.pdf Graphic file (type pdf)

<use PDF/LFT_MS_LF-135_coldRefl_fixFOV_ptSrc.pdf>
Package pdftex.def Info: PDF/LFT_MS_LF-135_coldRefl_fixFOV_ptSrc.pdf used on in
put line 1645.
(pdftex.def)             Requested size: 460.08159pt x 230.03365pt.

<PDF/LFT_MS_LF-246_coldRefl_fixFOV_extSrc.pdf, id=588, 1445.4pt x 722.7pt>
File: PDF/LFT_MS_LF-246_coldRefl_fixFOV_extSrc.pdf Graphic file (type pdf)

<use PDF/LFT_MS_LF-246_coldRefl_fixFOV_extSrc.pdf>
Package pdftex.def Info: PDF/LFT_MS_LF-246_coldRefl_fixFOV_extSrc.pdf used on i
nput line 1655.
(pdftex.def)             Requested size: 460.08159pt x 230.03365pt.
 [45

 <./PDF/LFT_MS_LF-135_coldRefl_fixFOV_extSrc.pdf> <./PDF/LFT_MS_LF-135_coldRefl
_fixFOV_ptSrc.pdf

pdfTeX warning: pdflatex.exe (file ./PDF/LFT_MS_LF-135_coldRefl_fixFOV_ptSrc.pd
f): PDF inclusion: multiple pdfs with page group included in a single page
>] <PDF/LFT_MS_LF-246_coldRefl_fixFOV_ptSrc.pdf, id=626, 1445.4pt x 722.7pt>
File: PDF/LFT_MS_LF-246_coldRefl_fixFOV_ptSrc.pdf Graphic file (type pdf)

<use PDF/LFT_MS_LF-246_coldRefl_fixFOV_ptSrc.pdf>
Package pdftex.def Info: PDF/LFT_MS_LF-246_coldRefl_fixFOV_ptSrc.pdf used on in
put line 1661.
(pdftex.def)             Requested size: 460.08159pt x 230.03365pt.

<PDF/LFT_MS_MF-135_coldRefl_fixFOV_extSrc.pdf, id=627, 1445.4pt x 722.7pt>
File: PDF/LFT_MS_MF-135_coldRefl_fixFOV_extSrc.pdf Graphic file (type pdf)

<use PDF/LFT_MS_MF-135_coldRefl_fixFOV_extSrc.pdf>
Package pdftex.def Info: PDF/LFT_MS_MF-135_coldRefl_fixFOV_extSrc.pdf used on i
nput line 1671.
(pdftex.def)             Requested size: 460.08159pt x 230.03365pt.
 [46 <./PDF/LFT_MS_LF-246_coldRefl_fixFOV_extSrc.pdf> <./PDF/LFT_MS_LF-246_cold
Refl_fixFOV_ptSrc.pdf

pdfTeX warning: pdflatex.exe (file ./PDF/LFT_MS_LF-246_coldRefl_fixFOV_ptSrc.pd
f): PDF inclusion: multiple pdfs with page group included in a single page
>] <PDF/LFT_MS_MF-135_coldRefl_fixFOV_ptSrc.pdf, id=664, 1445.4pt x 722.7pt>
File: PDF/LFT_MS_MF-135_coldRefl_fixFOV_ptSrc.pdf Graphic file (type pdf)

<use PDF/LFT_MS_MF-135_coldRefl_fixFOV_ptSrc.pdf>
Package pdftex.def Info: PDF/LFT_MS_MF-135_coldRefl_fixFOV_ptSrc.pdf used on in
put line 1677.
(pdftex.def)             Requested size: 460.08159pt x 230.03365pt.

<PDF/LFT_MS_MF-246_coldRefl_fixFOV_extSrc.pdf, id=665, 1445.4pt x 722.7pt>
File: PDF/LFT_MS_MF-246_coldRefl_fixFOV_extSrc.pdf Graphic file (type pdf)

<use PDF/LFT_MS_MF-246_coldRefl_fixFOV_extSrc.pdf>
Package pdftex.def Info: PDF/LFT_MS_MF-246_coldRefl_fixFOV_extSrc.pdf used on i
nput line 1687.
(pdftex.def)             Requested size: 460.08159pt x 230.03365pt.
 [47 <./PDF/LFT_MS_MF-135_coldRefl_fixFOV_extSrc.pdf> <./PDF/LFT_MS_MF-135_cold
Refl_fixFOV_ptSrc.pdf

pdfTeX warning: pdflatex.exe (file ./PDF/LFT_MS_MF-135_coldRefl_fixFOV_ptSrc.pd
f): PDF inclusion: multiple pdfs with page group included in a single page
>] <PDF/LFT_MS_MF-246_coldRefl_fixFOV_ptSrc.pdf, id=702, 1445.4pt x 722.7pt>
File: PDF/LFT_MS_MF-246_coldRefl_fixFOV_ptSrc.pdf Graphic file (type pdf)

<use PDF/LFT_MS_MF-246_coldRefl_fixFOV_ptSrc.pdf>
Package pdftex.def Info: PDF/LFT_MS_MF-246_coldRefl_fixFOV_ptSrc.pdf used on in
put line 1693.
(pdftex.def)             Requested size: 460.08159pt x 230.03365pt.

<PDF/HFT_MS_coldRefl_fixFOV_extSrc.pdf, id=703, 1445.4pt x 722.7pt>
File: PDF/HFT_MS_coldRefl_fixFOV_extSrc.pdf Graphic file (type pdf)

<use PDF/HFT_MS_coldRefl_fixFOV_extSrc.pdf>
Package pdftex.def Info: PDF/HFT_MS_coldRefl_fixFOV_extSrc.pdf used on input li
ne 1703.
(pdftex.def)             Requested size: 460.08159pt x 230.03365pt.
 [48 <./PDF/LFT_MS_MF-246_coldRefl_fixFOV_extSrc.pdf> <./PDF/LFT_MS_MF-246_cold
Refl_fixFOV_ptSrc.pdf

pdfTeX warning: pdflatex.exe (file ./PDF/LFT_MS_MF-246_coldRefl_fixFOV_ptSrc.pd
f): PDF inclusion: multiple pdfs with page group included in a single page
>] <PDF/HFT_MS_coldRefl_fixFOV_ptSrc.pdf, id=742, 1445.4pt x 722.7pt>
File: PDF/HFT_MS_coldRefl_fixFOV_ptSrc.pdf Graphic file (type pdf)

<use PDF/HFT_MS_coldRefl_fixFOV_ptSrc.pdf>
Package pdftex.def Info: PDF/HFT_MS_coldRefl_fixFOV_ptSrc.pdf used on input lin
e 1709.
(pdftex.def)             Requested size: 460.08159pt x 230.03365pt.
 [49 <./PDF/HFT_MS_coldRefl_fixFOV_extSrc.pdf> <./PDF/HFT_MS_coldRefl_fixFOV_pt
Src.pdf

pdfTeX warning: pdflatex.exe (file ./PDF/HFT_MS_coldRefl_fixFOV_ptSrc.pdf): PDF
 inclusion: multiple pdfs with page group included in a single page
>] [50]
<PDF/LFT_MS_LF-135_coldRefl_fixDetNum_extSrc.pdf, id=788, 1445.4pt x 722.7pt>
File: PDF/LFT_MS_LF-135_coldRefl_fixDetNum_extSrc.pdf Graphic file (type pdf)

<use PDF/LFT_MS_LF-135_coldRefl_fixDetNum_extSrc.pdf>
Package pdftex.def Info: PDF/LFT_MS_LF-135_coldRefl_fixDetNum_extSrc.pdf used o
n input line 1728.
(pdftex.def)             Requested size: 460.08159pt x 230.03365pt.

<PDF/LFT_MS_LF-135_coldRefl_fixDetNum_ptSrc.pdf, id=789, 1445.4pt x 722.7pt>
File: PDF/LFT_MS_LF-135_coldRefl_fixDetNum_ptSrc.pdf Graphic file (type pdf)

<use PDF/LFT_MS_LF-135_coldRefl_fixDetNum_ptSrc.pdf>
Package pdftex.def Info: PDF/LFT_MS_LF-135_coldRefl_fixDetNum_ptSrc.pdf used on
 input line 1734.
(pdftex.def)             Requested size: 460.08159pt x 230.03365pt.

<PDF/LFT_MS_LF-246_coldRefl_fixDetNum_extSrc.pdf, id=790, 1445.4pt x 722.7pt>
File: PDF/LFT_MS_LF-246_coldRefl_fixDetNum_extSrc.pdf Graphic file (type pdf)

<use PDF/LFT_MS_LF-246_coldRefl_fixDetNum_extSrc.pdf>
Package pdftex.def Info: PDF/LFT_MS_LF-246_coldRefl_fixDetNum_extSrc.pdf used o
n input line 1744.
(pdftex.def)             Requested size: 460.08159pt x 230.03365pt.
 [51

 <./PDF/LFT_MS_LF-135_coldRefl_fixDetNum_extSrc.pdf> <./PDF/LFT_MS_LF-135_coldR
efl_fixDetNum_ptSrc.pdf

pdfTeX warning: pdflatex.exe (file ./PDF/LFT_MS_LF-135_coldRefl_fixDetNum_ptSrc
.pdf): PDF inclusion: multiple pdfs with page group included in a single page
>]
<PDF/LFT_MS_LF-246_coldRefl_fixDetNum_ptSrc.pdf, id=827, 1445.4pt x 722.7pt>
File: PDF/LFT_MS_LF-246_coldRefl_fixDetNum_ptSrc.pdf Graphic file (type pdf)

<use PDF/LFT_MS_LF-246_coldRefl_fixDetNum_ptSrc.pdf>
Package pdftex.def Info: PDF/LFT_MS_LF-246_coldRefl_fixDetNum_ptSrc.pdf used on
 input line 1750.
(pdftex.def)             Requested size: 460.08159pt x 230.03365pt.

<PDF/LFT_MS_MF-135_coldRefl_fixDetNum_extSrc.pdf, id=828, 1445.4pt x 722.7pt>
File: PDF/LFT_MS_MF-135_coldRefl_fixDetNum_extSrc.pdf Graphic file (type pdf)

<use PDF/LFT_MS_MF-135_coldRefl_fixDetNum_extSrc.pdf>
Package pdftex.def Info: PDF/LFT_MS_MF-135_coldRefl_fixDetNum_extSrc.pdf used o
n input line 1760.
(pdftex.def)             Requested size: 460.08159pt x 230.03365pt.
 [52 <./PDF/LFT_MS_LF-246_coldRefl_fixDetNum_extSrc.pdf> <./PDF/LFT_MS_LF-246_c
oldRefl_fixDetNum_ptSrc.pdf

pdfTeX warning: pdflatex.exe (file ./PDF/LFT_MS_LF-246_coldRefl_fixDetNum_ptSrc
.pdf): PDF inclusion: multiple pdfs with page group included in a single page
>]
<PDF/LFT_MS_MF-135_coldRefl_fixDetNum_ptSrc.pdf, id=869, 1445.4pt x 722.7pt>
File: PDF/LFT_MS_MF-135_coldRefl_fixDetNum_ptSrc.pdf Graphic file (type pdf)

<use PDF/LFT_MS_MF-135_coldRefl_fixDetNum_ptSrc.pdf>
Package pdftex.def Info: PDF/LFT_MS_MF-135_coldRefl_fixDetNum_ptSrc.pdf used on
 input line 1766.
(pdftex.def)             Requested size: 460.08159pt x 230.03365pt.

<PDF/LFT_MS_MF-246_coldRefl_fixDetNum_extSrc.pdf, id=870, 1445.4pt x 722.7pt>
File: PDF/LFT_MS_MF-246_coldRefl_fixDetNum_extSrc.pdf Graphic file (type pdf)

<use PDF/LFT_MS_MF-246_coldRefl_fixDetNum_extSrc.pdf>
Package pdftex.def Info: PDF/LFT_MS_MF-246_coldRefl_fixDetNum_extSrc.pdf used o
n input line 1776.
(pdftex.def)             Requested size: 460.08159pt x 230.03365pt.
 [53 <./PDF/LFT_MS_MF-135_coldRefl_fixDetNum_extSrc.pdf> <./PDF/LFT_MS_MF-135_c
oldRefl_fixDetNum_ptSrc.pdf

pdfTeX warning: pdflatex.exe (file ./PDF/LFT_MS_MF-135_coldRefl_fixDetNum_ptSrc
.pdf): PDF inclusion: multiple pdfs with page group included in a single page
>]
<PDF/LFT_MS_MF-246_coldRefl_fixDetNum_ptSrc.pdf, id=913, 1445.4pt x 722.7pt>
File: PDF/LFT_MS_MF-246_coldRefl_fixDetNum_ptSrc.pdf Graphic file (type pdf)

<use PDF/LFT_MS_MF-246_coldRefl_fixDetNum_ptSrc.pdf>
Package pdftex.def Info: PDF/LFT_MS_MF-246_coldRefl_fixDetNum_ptSrc.pdf used on
 input line 1782.
(pdftex.def)             Requested size: 460.08159pt x 230.03365pt.

<PDF/HFT_MS_coldRefl_fixDetNum_extSrc.pdf, id=914, 1445.4pt x 722.7pt>
File: PDF/HFT_MS_coldRefl_fixDetNum_extSrc.pdf Graphic file (type pdf)

<use PDF/HFT_MS_coldRefl_fixDetNum_extSrc.pdf>
Package pdftex.def Info: PDF/HFT_MS_coldRefl_fixDetNum_extSrc.pdf used on input
 line 1792.
(pdftex.def)             Requested size: 460.08159pt x 230.03365pt.
 [54 <./PDF/LFT_MS_MF-246_coldRefl_fixDetNum_extSrc.pdf> <./PDF/LFT_MS_MF-246_c
oldRefl_fixDetNum_ptSrc.pdf

pdfTeX warning: pdflatex.exe (file ./PDF/LFT_MS_MF-246_coldRefl_fixDetNum_ptSrc
.pdf): PDF inclusion: multiple pdfs with page group included in a single page
>] <PDF/HFT_MS_coldRefl_fixDetNum_ptSrc.pdf, id=959, 1445.4pt x 722.7pt>
File: PDF/HFT_MS_coldRefl_fixDetNum_ptSrc.pdf Graphic file (type pdf)

<use PDF/HFT_MS_coldRefl_fixDetNum_ptSrc.pdf>
Package pdftex.def Info: PDF/HFT_MS_coldRefl_fixDetNum_ptSrc.pdf used on input 
line 1798.
(pdftex.def)             Requested size: 460.08159pt x 230.03365pt.

Underfull \hbox (badness 4120) in paragraph at lines 1825--1825
[]|\OT1/cmr/m/n/12 Cannot push Strehl's,
 []


Underfull \hbox (badness 10000) in paragraph at lines 1825--1825
\OT1/cmr/m/n/12 pay-load, fab-ri-ca-tion
 []


Underfull \hbox (badness 5359) in paragraph at lines 1825--1825
[]|\OT1/cmr/m/n/12 Most con-ser-va-tive as-
 []

[55 <./PDF/HFT_MS_coldRefl_fixDetNum_extSrc.pdf> <./PDF/HFT_MS_coldRefl_fixDetN
um_ptSrc.pdf

pdfTeX warning: pdflatex.exe (file ./PDF/HFT_MS_coldRefl_fixDetNum_ptSrc.pdf): 
PDF inclusion: multiple pdfs with page group included in a single page
>] [56] <PNG/7pixels.png, id=1002, 523.9575pt x 516.93124pt>
File: PNG/7pixels.png Graphic file (type png)

<use PNG/7pixels.png>
Package pdftex.def Info: PNG/7pixels.png used on input line 1911.
(pdftex.def)             Requested size: 125.47737pt x 123.78996pt.
 <PNG/19pixels.png, id=1003, 506.89375pt x 497.86pt>
File: PNG/19pixels.png Graphic file (type png)

<use PNG/19pixels.png>
Package pdftex.def Info: PNG/19pixels.png used on input line 1915.
(pdftex.def)             Requested size: 125.47737pt x 123.23402pt.
 <PNG/37pixels.png, id=1004, 538.01pt x 507.8975pt>
File: PNG/37pixels.png Graphic file (type png)

<use PNG/37pixels.png>
Package pdftex.def Info: PNG/37pixels.png used on input line 1919.
(pdftex.def)             Requested size: 125.47737pt x 118.44919pt.
 <PNG/61pixels.png, id=1005, 552.0625pt x 510.90875pt>
File: PNG/61pixels.png Graphic file (type png)

<use PNG/61pixels.png>
Package pdftex.def Info: PNG/61pixels.png used on input line 1924.
(pdftex.def)             Requested size: 209.12683pt x 193.53926pt.
 <PNG/79pixels.png, id=1006, 527.9725pt x 513.92pt>
File: PNG/79pixels.png Graphic file (type png)

<use PNG/79pixels.png>
Package pdftex.def Info: PNG/79pixels.png used on input line 1928.
(pdftex.def)             Requested size: 209.12683pt x 203.55685pt.
 [57] [58 <./PNG/7pixels.png> <./PNG/19pixels.png> <./PNG/37pixels.png> <./PNG/
61pixels.png> <./PNG/79pixels.png>] [59] [60] [61]
<PDF/TempDependence_Baffle_LF.pdf, id=1024, 1445.4pt x 722.7pt>
File: PDF/TempDependence_Baffle_LF.pdf Graphic file (type pdf)

<use PDF/TempDependence_Baffle_LF.pdf>
Package pdftex.def Info: PDF/TempDependence_Baffle_LF.pdf used on input line 21
46.
(pdftex.def)             Requested size: 460.08159pt x 230.03365pt.
 [62]
<PDF/TempDependence_Baffle_MF.pdf, id=1028, 1445.4pt x 722.7pt>
File: PDF/TempDependence_Baffle_MF.pdf Graphic file (type pdf)

<use PDF/TempDependence_Baffle_MF.pdf>
Package pdftex.def Info: PDF/TempDependence_Baffle_MF.pdf used on input line 21
52.
(pdftex.def)             Requested size: 460.08159pt x 230.03365pt.

<PDF/TempDependence_Baffle_HF.pdf, id=1029, 1445.4pt x 722.7pt>
File: PDF/TempDependence_Baffle_HF.pdf Graphic file (type pdf)

<use PDF/TempDependence_Baffle_HF.pdf>
Package pdftex.def Info: PDF/TempDependence_Baffle_HF.pdf used on input line 21
58.
(pdftex.def)             Requested size: 460.08159pt x 230.03365pt.
 [63 <./PDF/TempDependence_Baffle_LF.pdf> <./PDF/TempDependence_Baffle_MF.pdf

pdfTeX warning: pdflatex.exe (file ./PDF/TempDependence_Baffle_MF.pdf): PDF inc
lusion: multiple pdfs with page group included in a single page
>] <PDF/TempDependence_Baffle_LB.pdf, id=1054, 1445.4pt x 722.7pt>
File: PDF/TempDependence_Baffle_LB.pdf Graphic file (type pdf)

<use PDF/TempDependence_Baffle_LB.pdf>
Package pdftex.def Info: PDF/TempDependence_Baffle_LB.pdf used on input line 21
64.
(pdftex.def)             Requested size: 460.08159pt x 230.03365pt.

<PDF/TempDependence_HWP_LF.pdf, id=1055, 1445.4pt x 722.7pt>
File: PDF/TempDependence_HWP_LF.pdf Graphic file (type pdf)

<use PDF/TempDependence_HWP_LF.pdf>
Package pdftex.def Info: PDF/TempDependence_HWP_LF.pdf used on input line 2174.

(pdftex.def)             Requested size: 460.08159pt x 230.03365pt.
 [64 <./PDF/TempDependence_Baffle_HF.pdf> <./PDF/TempDependence_Baffle_LB.pdf

pdfTeX warning: pdflatex.exe (file ./PDF/TempDependence_Baffle_LB.pdf): PDF inc
lusion: multiple pdfs with page group included in a single page
>] <PDF/TempDependence_HWP_MF.pdf, id=1081, 1445.4pt x 722.7pt>
File: PDF/TempDependence_HWP_MF.pdf Graphic file (type pdf)

<use PDF/TempDependence_HWP_MF.pdf>
Package pdftex.def Info: PDF/TempDependence_HWP_MF.pdf used on input line 2180.

(pdftex.def)             Requested size: 460.08159pt x 230.03365pt.

<PDF/TempDependence_HWP_HF.pdf, id=1082, 1445.4pt x 722.7pt>
File: PDF/TempDependence_HWP_HF.pdf Graphic file (type pdf)

<use PDF/TempDependence_HWP_HF.pdf>
Package pdftex.def Info: PDF/TempDependence_HWP_HF.pdf used on input line 2186.

(pdftex.def)             Requested size: 460.08159pt x 230.03365pt.
 [65 <./PDF/TempDependence_HWP_LF.pdf> <./PDF/TempDependence_HWP_MF.pdf

pdfTeX warning: pdflatex.exe (file ./PDF/TempDependence_HWP_MF.pdf): PDF inclus
ion: multiple pdfs with page group included in a single page
>] <PDF/TempDependence_HWP_LB.pdf, id=1107, 1445.4pt x 722.7pt>
File: PDF/TempDependence_HWP_LB.pdf Graphic file (type pdf)

<use PDF/TempDependence_HWP_LB.pdf>
Package pdftex.def Info: PDF/TempDependence_HWP_LB.pdf used on input line 2192.

(pdftex.def)             Requested size: 460.08159pt x 230.03365pt.

<PDF/TempDependence_Aperture_LF.pdf, id=1108, 1445.4pt x 722.7pt>
File: PDF/TempDependence_Aperture_LF.pdf Graphic file (type pdf)

<use PDF/TempDependence_Aperture_LF.pdf>
Package pdftex.def Info: PDF/TempDependence_Aperture_LF.pdf used on input line 
2202.
(pdftex.def)             Requested size: 460.08159pt x 230.03365pt.
 [66 <./PDF/TempDependence_HWP_HF.pdf> <./PDF/TempDependence_HWP_LB.pdf

pdfTeX warning: pdflatex.exe (file ./PDF/TempDependence_HWP_LB.pdf): PDF inclus
ion: multiple pdfs with page group included in a single page
>] <PDF/TempDependence_Aperture_MF.pdf, id=1134, 1445.4pt x 722.7pt>
File: PDF/TempDependence_Aperture_MF.pdf Graphic file (type pdf)

<use PDF/TempDependence_Aperture_MF.pdf>
Package pdftex.def Info: PDF/TempDependence_Aperture_MF.pdf used on input line 
2208.
(pdftex.def)             Requested size: 460.08159pt x 230.03365pt.

<PDF/TempDependence_Aperture_HF.pdf, id=1135, 1445.4pt x 722.7pt>
File: PDF/TempDependence_Aperture_HF.pdf Graphic file (type pdf)

<use PDF/TempDependence_Aperture_HF.pdf>
Package pdftex.def Info: PDF/TempDependence_Aperture_HF.pdf used on input line 
2214.
(pdftex.def)             Requested size: 460.08159pt x 230.03365pt.
 [67 <./PDF/TempDependence_Aperture_LF.pdf> <./PDF/TempDependence_Aperture_MF.p
df

pdfTeX warning: pdflatex.exe (file ./PDF/TempDependence_Aperture_MF.pdf): PDF i
nclusion: multiple pdfs with page group included in a single page
>] <PDF/TempDependence_Aperture_LB.pdf, id=1160, 1445.4pt x 722.7pt>
File: PDF/TempDependence_Aperture_LB.pdf Graphic file (type pdf)

<use PDF/TempDependence_Aperture_LB.pdf>
Package pdftex.def Info: PDF/TempDependence_Aperture_LB.pdf used on input line 
2220.
(pdftex.def)             Requested size: 460.08159pt x 230.03365pt.

<PDF/TempDependence_Mirror_LF.pdf, id=1161, 1445.4pt x 722.7pt>
File: PDF/TempDependence_Mirror_LF.pdf Graphic file (type pdf)

<use PDF/TempDependence_Mirror_LF.pdf>
Package pdftex.def Info: PDF/TempDependence_Mirror_LF.pdf used on input line 22
30.
(pdftex.def)             Requested size: 460.08159pt x 230.03365pt.
 [68 <./PDF/TempDependence_Aperture_HF.pdf> <./PDF/TempDependence_Aperture_LB.p
df

pdfTeX warning: pdflatex.exe (file ./PDF/TempDependence_Aperture_LB.pdf): PDF i
nclusion: multiple pdfs with page group included in a single page
>] <PDF/TempDependence_Mirror_MF.pdf, id=1186, 1445.4pt x 722.7pt>
File: PDF/TempDependence_Mirror_MF.pdf Graphic file (type pdf)

<use PDF/TempDependence_Mirror_MF.pdf>
Package pdftex.def Info: PDF/TempDependence_Mirror_MF.pdf used on input line 22
36.
(pdftex.def)             Requested size: 460.08159pt x 230.03365pt.

<PDF/TempDependence_Lens_HF.pdf, id=1187, 1445.4pt x 722.7pt>
File: PDF/TempDependence_Lens_HF.pdf Graphic file (type pdf)

<use PDF/TempDependence_Lens_HF.pdf>
Package pdftex.def Info: PDF/TempDependence_Lens_HF.pdf used on input line 2242
.
(pdftex.def)             Requested size: 460.08159pt x 230.03365pt.
 [69 <./PDF/TempDependence_Mirror_LF.pdf> <./PDF/TempDependence_Mirror_MF.pdf

pdfTeX warning: pdflatex.exe (file ./PDF/TempDependence_Mirror_MF.pdf): PDF inc
lusion: multiple pdfs with page group included in a single page
>] <PDF/TempDependence_MirrorLens_LB.pdf, id=1219, 1445.4pt x 722.7pt>
File: PDF/TempDependence_MirrorLens_LB.pdf Graphic file (type pdf)

<use PDF/TempDependence_MirrorLens_LB.pdf>
Package pdftex.def Info: PDF/TempDependence_MirrorLens_LB.pdf used on input lin
e 2248.
(pdftex.def)             Requested size: 460.08159pt x 230.03365pt.
 [70 <./PDF/TempDependence_Lens_HF.pdf> <./PDF/TempDependence_MirrorLens_LB.pdf


pdfTeX warning: pdflatex.exe (file ./PDF/TempDependence_MirrorLens_LB.pdf): PDF
 inclusion: multiple pdfs with page group included in a single page
>] [71]
Underfull \hbox (badness 8170) in paragraph at lines 2277--2280
[]\OT1/cmr/m/n/12 James W. Lamb. \OT1/cmr/m/it/12 Mis-cel-la-neous Data on Ma-t
e-ri-als for Mil-lime-tre
 []


Underfull \hbox (badness 5832) in paragraph at lines 2292--2295
[]\OT1/cmr/m/n/12 Aritoki Suzuki \OT1/cmr/m/it/12 350mK Metal Mesh Fil-ter Band
 Pass Fil-ter Anal-
 []


Underfull \hbox (badness 10000) in paragraph at lines 2292--2295
\OT1/cmr/m/it/12 y-sis $\OT1/cmtt/m/n/12 https : / / bolowiki . berkeley . edu 
/ twiki / bin / view / Main /
 []


Underfull \hbox (badness 3713) in paragraph at lines 2297--2300
[]\OT1/cmr/m/n/12 S. Roose et al. \OT1/cmr/m/it/12 De-sign of the cryo-optical 
test of the Planck Re-
 []


Underfull \hbox (badness 10000) in paragraph at lines 2297--2300
\OT1/cmr/m/it/12 flec-tors $\OT1/cmtt/m/n/12 https : / / orbi . ulg . ac . be /
 bitstream / 2268 / 82057 / 1 / cryo -[]
 []


Underfull \hbox (badness 3872) in paragraph at lines 2307--2310
[]\OT1/cmr/m/n/12 Kam Arnold. \OT1/cmr/m/it/12 De-sign and De-ploy-ment of the 
Po-lar-bear Cos-mic Mi-
 []


Underfull \hbox (badness 1742) in paragraph at lines 2312--2315
[]\OT1/cmr/m/n/12 Jonas Zmuidz-i-nas. \OT1/cmr/m/it/12 Ther-mal noise and cor-r
e-la-tions in pho-ton de-tec-tion
 []


Underfull \hbox (badness 10000) in paragraph at lines 2312--2315
\OT1/cmtt/m/n/12 http : / / www . submm . caltech . edu / []jonas / tex / paper
s / pdf / 2003 -[] APPLOPT -[]
 []

[72] (./LB_SensitivityMemo_V21.aux)

LaTeX Font Warning: Size substitutions with differences
(Font)              up to 0.88pt have occurred.

 ) 
Here is how much of TeX's memory you used:
 7578 strings out of 493051
 126783 string characters out of 6136938
 219796 words of memory out of 5000000
 10881 multiletter control sequences out of 15000+600000
 9631 words of font info for 34 fonts, out of 8000000 for 9000
 1141 hyphenation exceptions out of 8191
 53i,15n,92p,650b,504s stack positions out of 5000i,500n,10000p,500000b,80000s
<c:/w32tex/share/texmf-dist/fonts/type1/public/amsfonts/cm/cmbx12.pfb><c:/w32
tex/share/texmf-dist/fonts/type1/public/amsfonts/cm/cmex10.pfb><c:/w32tex/share
/texmf-dist/fonts/type1/public/amsfonts/cm/cmmi12.pfb><c:/w32tex/share/texmf-di
st/fonts/type1/public/amsfonts/cm/cmmi6.pfb><c:/w32tex/share/texmf-dist/fonts/t
ype1/public/amsfonts/cm/cmmi8.pfb><c:/w32tex/share/texmf-dist/fonts/type1/publi
c/amsfonts/cm/cmr10.pfb><c:/w32tex/share/texmf-dist/fonts/type1/public/amsfonts
/cm/cmr12.pfb><c:/w32tex/share/texmf-dist/fonts/type1/public/amsfonts/cm/cmr17.
pfb><c:/w32tex/share/texmf-dist/fonts/type1/public/amsfonts/cm/cmr6.pfb><c:/w32
tex/share/texmf-dist/fonts/type1/public/amsfonts/cm/cmr8.pfb><c:/w32tex/share/t
exmf-dist/fonts/type1/public/amsfonts/cm/cmr9.pfb><c:/w32tex/share/texmf-dist/f
onts/type1/public/amsfonts/cm/cmsy10.pfb><c:/w32tex/share/texmf-dist/fonts/type
1/public/amsfonts/cm/cmsy8.pfb><c:/w32tex/share/texmf-dist/fonts/type1/public/a
msfonts/cm/cmsy9.pfb><c:/w32tex/share/texmf-dist/fonts/type1/public/amsfonts/cm
/cmti12.pfb><c:/w32tex/share/texmf-dist/fonts/type1/public/amsfonts/cm/cmtt12.p
fb><c:/w32tex/share/texmf-dist/fonts/type1/urw/helvetic/uhvr8a.pfb><c:/w32tex/s
hare/texmf-dist/fonts/type1/urw/ncntrsbk/uncr8a.pfb>
Output written on LB_SensitivityMemo_V21.pdf (73 pages, 2075814 bytes).
PDF statistics:
 1299 PDF objects out of 1440 (max. 8388607)
 1126 compressed objects within 12 object streams
 0 named destinations out of 1000 (max. 500000)
 326 words of extra memory for PDF output out of 10000 (max. 10000000)

